0 info it worked if it ends with ok
1 verbose cli [ '/usr/local/bin/node',
1 verbose cli   '/Users/dgenest/.npm-packages/bin/npm',
1 verbose cli   'run',
1 verbose cli   'client' ]
2 info using npm@3.10.9
3 info using node@v4.5.0
4 verbose run-script [ 'preclient', 'client', 'postclient' ]
5 info lifecycle bookclub@1.0.0~preclient: bookclub@1.0.0
6 silly lifecycle bookclub@1.0.0~preclient: no script for preclient, continuing
7 info lifecycle bookclub@1.0.0~client: bookclub@1.0.0
8 verbose lifecycle bookclub@1.0.0~client: unsafe-perm in lifecycle true
9 verbose lifecycle bookclub@1.0.0~client: PATH: /Users/dgenest/.npm-packages/lib/node_modules/npm/bin/node-gyp-bin:/Users/dgenest/webdev/bookclub/node_modules/.bin:/Users/dgenest/.npm-packages/bin:/usr/local/bin:/usr/bin:/bin:/usr/sbin:/sbin:/opt/X11/bin
10 verbose lifecycle bookclub@1.0.0~client: CWD: /Users/dgenest/webdev/bookclub
11 silly lifecycle bookclub@1.0.0~client: Args: [ '-c', 'webpack-dev-server --hot' ]
12 silly lifecycle bookclub@1.0.0~client: Returned: code: 1  signal: null
13 info lifecycle bookclub@1.0.0~client: Failed to exec client script
14 verbose stack Error: bookclub@1.0.0 client: `webpack-dev-server --hot`
14 verbose stack Exit status 1
14 verbose stack     at EventEmitter.<anonymous> (/Users/dgenest/.npm-packages/lib/node_modules/npm/lib/utils/lifecycle.js:255:16)
14 verbose stack     at emitTwo (events.js:87:13)
14 verbose stack     at EventEmitter.emit (events.js:172:7)
14 verbose stack     at ChildProcess.<anonymous> (/Users/dgenest/.npm-packages/lib/node_modules/npm/lib/utils/spawn.js:40:14)
14 verbose stack     at emitTwo (events.js:87:13)
14 verbose stack     at ChildProcess.emit (events.js:172:7)
14 verbose stack     at maybeClose (internal/child_process.js:829:16)
14 verbose stack     at Process.ChildProcess._handle.onexit (internal/child_process.js:211:5)
15 verbose pkgid bookclub@1.0.0
16 verbose cwd /Users/dgenest/webdev/bookclub
17 error Darwin 16.5.0
18 error argv "/usr/local/bin/node" "/Users/dgenest/.npm-packages/bin/npm" "run" "client"
19 error node v4.5.0
20 error npm  v3.10.9
21 error code ELIFECYCLE
22 error bookclub@1.0.0 client: `webpack-dev-server --hot`
22 error Exit status 1
23 error Failed at the bookclub@1.0.0 client script 'webpack-dev-server --hot'.
23 error Make sure you have the latest version of node.js and npm installed.
23 error If you do, this is most likely a problem with the bookclub package,
23 error not with npm itself.
23 error Tell the author that this fails on your system:
23 error     webpack-dev-server --hot
23 error You can get information on how to open an issue for this project with:
23 error     npm bugs bookclub
23 error Or if that isn't available, you can get their info via:
23 error     npm owner ls bookclub
23 error There is likely additional logging output above.
24 verbose exit [ 1, true ]
